<?xml version="1.0" encoding="UTF-8" ?>
<testsuite tests="22" failures="0" name="lab2.zad1.PsikusTest" time="0.015" errors="0" skipped="0">
  <properties>
[...]
</properties>
  <testcase classname="lab2.zad1.CorrectInputTests" name="cyfrokradTest[0]" time="0.008"/>
  <testcase classname="lab2.zad1.CorrectInputTests" name="hultajchochlaTest[0]" time="0"/>
  <testcase classname="lab2.zad1.CorrectInputTests" name="cyfrokradTest2[0]" time="0"/>
  <testcase classname="lab2.zad1.CorrectInputTests" name="nieksztaltekTest[0]" time="0"/>
  <testcase classname="lab2.zad1.CorrectInputTests" name="cyfrokradTest[1]" time="0"/>
  <testcase classname="lab2.zad1.CorrectInputTests" name="hultajchochlaTest[1]" time="0"/>
  <testcase classname="lab2.zad1.CorrectInputTests" name="cyfrokradTest2[1]" time="0"/>
  <testcase classname="lab2.zad1.CorrectInputTests" name="nieksztaltekTest[1]" time="0.001"/>
  <testcase classname="lab2.zad1.CorrectInputTests" name="cyfrokradTest[2]" time="0"/>
  <testcase classname="lab2.zad1.CorrectInputTests" name="hultajchochlaTest[2]" time="0"/>
  <testcase classname="lab2.zad1.CorrectInputTests" name="cyfrokradTest2[2]" time="0.001"/>
  <testcase classname="lab2.zad1.CorrectInputTests" name="nieksztaltekTest[2]" time="0"/>
  <testcase classname="lab2.zad1.CorrectInputTests" name="cyfrokradTest[3]" time="0"/>
  <testcase classname="lab2.zad1.CorrectInputTests" name="hultajchochlaTest[3]" time="0"/>
  <testcase classname="lab2.zad1.CorrectInputTests" name="cyfrokradTest2[3]" time="0.001"/>
  <testcase classname="lab2.zad1.CorrectInputTests" name="nieksztaltekTest[3]" time="0"/>
  <testcase classname="lab2.zad1.BadInputTests" name="cyfrokradBadInputTest[0]" time="0"/>
  <testcase classname="lab2.zad1.BadInputTests" name="hultajchochlaBadInputTest[0]" time="0.003"/>
  <testcase classname="lab2.zad1.BadInputTests" name="cyfrokradBadInputTest[1]" time="0"/>
  <testcase classname="lab2.zad1.BadInputTests" name="hultajchochlaBadInputTest[1]" time="0"/>
  <testcase classname="lab2.zad1.BadInputTests" name="cyfrokradBadInputTest[2]" time="0.001"/>
  <testcase classname="lab2.zad1.BadInputTests" name="hultajchochlaBadInputTest[2]" time="0"/>
</testsuite>